Virtuoso Framework License (111) was checked out successfully. Total checkout time was 0.17s.
*INFO* (icLic-302) License Virtuoso_Schematic_Editor_XL ("Schematics XL") was used to run Schematics L.

Running simulation in directory: "/nfs/ug/groups/haczgrp/Hubert/BAG2_cds_ff_mpt_N65/lvs/".

*WARNING* LIB avTech from File /nfs/ug/groups/haczgrp/Hubert/BAG2_cds_ff_mpt_N65/cds.lib Line 6 redefines
LIB avTech from File /nfs/ug/groups/haczgrp/Hubert/BAG2_cds_ff_mpt_N65/cds.lib.core
Insert UNDEFINE avTech
before DEFINE avTech
    in /nfs/ug/groups/haczgrp/Hubert/BAG2_cds_ff_mpt_N65/cds.lib
Or remove or comment out DEFINE avTech
    in /nfs/ug/groups/haczgrp/Hubert/BAG2_cds_ff_mpt_N65/cds.lib.core
to suppress this warning message.
*WARNING* LIB DEMO_AMP_CS from File /nfs/ug/groups/haczgrp/Hubert/BAG2_cds_ff_mpt_N65/cds.lib Line 10 redefines
LIB DEMO_AMP_CS from the same file (defined earlier.)
*WARNING* LIB DEMO_AMP_SF from File /nfs/ug/groups/haczgrp/Hubert/BAG2_cds_ff_mpt_N65/cds.lib Line 16 redefines
LIB DEMO_AMP_SF from the same file (defined earlier.)
*WARNING* LIB DEMO_AMP_SF from File /nfs/ug/groups/haczgrp/Hubert/BAG2_cds_ff_mpt_N65/cds.lib Line 18 redefines
LIB DEMO_AMP_SF from the same file (defined earlier.)
*WARNING* LIB avTech from File /nfs/ug/groups/haczgrp/Hubert/BAG2_cds_ff_mpt_N65/cds.lib Line 6 redefines
LIB avTech from File /nfs/ug/groups/haczgrp/Hubert/BAG2_cds_ff_mpt_N65/cds.lib.core
Insert UNDEFINE avTech
before DEFINE avTech
    in /nfs/ug/groups/haczgrp/Hubert/BAG2_cds_ff_mpt_N65/cds.lib
Or remove or comment out DEFINE avTech
    in /nfs/ug/groups/haczgrp/Hubert/BAG2_cds_ff_mpt_N65/cds.lib.core
to suppress this warning message.
*WARNING* LIB DEMO_AMP_CS from File /nfs/ug/groups/haczgrp/Hubert/BAG2_cds_ff_mpt_N65/cds.lib Line 10 redefines
LIB DEMO_AMP_CS from the same file (defined earlier.)
*WARNING* LIB DEMO_AMP_SF from File /nfs/ug/groups/haczgrp/Hubert/BAG2_cds_ff_mpt_N65/cds.lib Line 16 redefines
LIB DEMO_AMP_SF from the same file (defined earlier.)
*WARNING* LIB DEMO_AMP_SF from File /nfs/ug/groups/haczgrp/Hubert/BAG2_cds_ff_mpt_N65/cds.lib Line 18 redefines
LIB DEMO_AMP_SF from the same file (defined earlier.)
Initializing from libInit.il for library tsmcN65...
   --  /nfs/ug/groups/haczgrp/Hubert/BAG2_cds_ff_mpt_N65/cds_ff_mpt/workspace_setup/PDK/tsmcN65/../skill/pcode1.cxt
   --  /nfs/ug/groups/haczgrp/Hubert/BAG2_cds_ff_mpt_N65/cds_ff_mpt/workspace_setup/PDK/tsmcN65/../skill/pcode2.cxt
   --  tsmcN65_updateCDFs.il
   --  tsmcPdkParamTable.il
   --  tsmc_esti.ile
   --  /nfs/ug/groups/haczgrp/Hubert/BAG2_cds_ff_mpt_N65/cds_ff_mpt/workspace_setup/PDK/tsmcN65/../skill/tsmcN65gp_v1d0c.cxt
   --  /nfs/ug/groups/haczgrp/Hubert/BAG2_cds_ff_mpt_N65/cds_ff_mpt/workspace_setup/PDK/tsmcN65/../skill/tsmcN65_newAMS.cxt
   --  /nfs/ug/groups/haczgrp/Hubert/BAG2_cds_ff_mpt_N65/cds_ff_mpt/workspace_setup/PDK/tsmcN65/../skill/tsmcN65_newRTMOM.cxt
   --  /nfs/ug/groups/haczgrp/Hubert/BAG2_cds_ff_mpt_N65/cds_ff_mpt/workspace_setup/PDK/tsmcN65/../skill/tsmcN65GP_v1d0.cxt
   --  tsmcN65.cxt
   --  tsmcN65Tool.cxt
   --  tif_tcf_crn65gp_v1.0a.cxt
   --  /nfs/ug/groups/haczgrp/Hubert/BAG2_cds_ff_mpt_N65/cds_ff_mpt/workspace_setup/PDK/tsmcN65/../skill/tsmcN65GP_v1d0.cxt
   --  /nfs/ug/groups/haczgrp/Hubert/BAG2_cds_ff_mpt_N65/cds_ff_mpt/workspace_setup/PDK/tsmcN65/../skill/tsmcN65_newRTMOM.cxt
*WARNING* (loadContext): context //nfs/ug/groups/haczgrp/Hubert/BAG2_cds_ff_mpt_N65/cds_ff_mpt/workspace_setup/PDK/tsmcN65/../skill/64bit/tsmcN65GP_v1d0.cxt already loaded
   --  /nfs/ug/groups/haczgrp/Hubert/BAG2_cds_ff_mpt_N65/cds_ff_mpt/workspace_setup/PDK/tsmcN65/../skill/tsmcN65_newAMS.cxt
*WARNING* (loadContext): context //nfs/ug/groups/haczgrp/Hubert/BAG2_cds_ff_mpt_N65/cds_ff_mpt/workspace_setup/PDK/tsmcN65/../skill/64bit/tsmcN65_newRTMOM.cxt already loaded
Loading Working place Display File '/nfs/ug/groups/haczgrp/Hubert/BAG2_cds_ff_mpt_N65/display.drf'
*WARNING* (loadContext): context //nfs/ug/groups/haczgrp/Hubert/BAG2_cds_ff_mpt_N65/cds_ff_mpt/workspace_setup/PDK/tsmcN65/../skill/64bit/tsmcN65_newAMS.cxt already loaded
Running Artist Hierarchical Netlisting ...
Loading cdf.cxt 
*WARNING* (DB-220828): 'dbGetNameNumBit' was given an invalid input name. An empty input name or member is not valid.
*WARNING* (DB-220828): 'dbGetNameNumBit' was given an invalid input name. An empty input name or member is not valid.
*WARNING* (DB-220828): 'dbGetNameNumBit' was given an invalid input name. An empty input name or member is not valid.
*WARNING* (DB-220828): 'dbGetNameNumBit' was given an invalid input name. An empty input name or member is not valid.
*WARNING* (DB-220828): 'dbGetNameNumBit' was given an invalid input name. An empty input name or member is not valid.
*WARNING* (DB-220828): 'dbGetNameNumBit' was given an invalid input name. An empty input name or member is not valid.
*WARNING* (DB-220828): 'dbGetNameNumBit' was given an invalid input name. An empty input name or member is not valid.
*WARNING* (DB-220828): 'dbGetNameNumBit' was given an invalid input name. An empty input name or member is not valid.
*WARNING* (DB-220828): 'dbGetNameNumBit' was given an invalid input name. An empty input name or member is not valid.
*WARNING* (DB-220828): 'dbGetNameNumBit' was given an invalid input name. An empty input name or member is not valid.
*WARNING* (DB-220828): 'dbGetNameNumBit' was given an invalid input name. An empty input name or member is not valid.
*WARNING* (DB-220828): 'dbGetNameNumBit' was given an invalid input name. An empty input name or member is not valid.
*WARNING* (DB-220828): 'dbGetNameNumBit' was given an invalid input name. An empty input name or member is not valid.
*WARNING* (DB-220828): 'dbGetNameNumBit' was given an invalid input name. An empty input name or member is not valid.
End netlisting Jan 20 22:40:43 2020

Running simin
*INFO* (icLic-302) License Virtuoso_Schematic_Editor_XL ("Schematics XL") was used to run Schematics L.

Running runSim()...


Running runsim with simulator: "auCdl"
Begin simulation:    Jan 20 22:40:43 2020

auCdl netlisting completed
End simulation:      Jan 20 22:40:43 2020
INFO (AUCDL-21): (Analog) CDL netlisting completed successfully.